<?xml version="1.0" encoding="UTF-8"?>
<!-- Generated by org.testng.reporters.JUnitReportReporter -->
<testsuite hostname="DESKTOP-TVMNGDC" failures="0" tests="2" name="SampleTestng.alpha" time="61.979" errors="0" timestamp="2024-04-26T13:11:29 IST" skipped="0">
  <testcase classname="SampleTestng.alpha" name="alphatest" time="31.488"/>
  <system-out/>
  <testcase classname="SampleTestng.alpha" name="alphatest" time="30.491"/>
  <system-out/>
</testsuite> <!-- SampleTestng.alpha -->
